[    0.000000] Initializing cgroup subsys cpuset
[    0.000000] Initializing cgroup subsys cpu
[    0.000000] Initializing cgroup subsys cpuacct
[    0.000000] Linux version 4.4.0-178-generic (buildd@lgw01-amd64-060) (gcc version 5.4.0 20160609 (Ubuntu 5.4.0-6ubuntu1~16.04.12) ) #208-Ubuntu SMP Sun Apr 5 23:45:27 UTC 2020 (Ubuntu 4.4.0-178.208-generic 4.4.217)
[    0.000000] KERNEL supported cpus:
[    0.000000]   Intel GenuineIntel
[    0.000000]   AMD AuthenticAMD
[    0.000000]   NSC Geode by NSC
[    0.000000]   Cyrix CyrixInstead
[    0.000000]   Centaur CentaurHauls
[    0.000000]   Transmeta GenuineTMx86
[    0.000000]   Transmeta TransmetaCPU
[    0.000000]   UMC UMC UMC UMC
[    0.000000] x86/fpu: xstate_offset[2]:  576, xstate_sizes[2]:  256
[    0.000000] x86/fpu: Supporting XSAVE feature 0x01: 'x87 floating point registers'
[    0.000000] x86/fpu: Supporting XSAVE feature 0x02: 'SSE registers'
[    0.000000] x86/fpu: Supporting XSAVE feature 0x04: 'AVX registers'
[    0.000000] x86/fpu: Enabled xstate features 0x7, context size is 832 bytes, using 'standard' format.
[    0.000000] e820: BIOS-provided physical RAM map:
[    0.000000] BIOS-e820: [mem 0x0000000000000000-0x000000000009fbff] usable
[    0.000000] BIOS-e820: [mem 0x000000000009fc00-0x000000000009ffff] reserved
[    0.000000] BIOS-e820: [mem 0x00000000000f0000-0x00000000000fffff] reserved
[    0.000000] BIOS-e820: [mem 0x0000000000100000-0x00000000707effff] usable
[    0.000000] BIOS-e820: [mem 0x00000000707f0000-0x00000000707fffff] ACPI data
[    0.000000] BIOS-e820: [mem 0x00000000fec00000-0x00000000fec00fff] reserved
[    0.000000] BIOS-e820: [mem 0x00000000fee00000-0x00000000fee00fff] reserved
[    0.000000] BIOS-e820: [mem 0x00000000fffc0000-0x00000000ffffffff] reserved
[    0.000000] NX (Execute Disable) protection: active
[    0.000000] SMBIOS 2.5 present.
[    0.000000] Hypervisor detected: KVM
[    0.000000] e820: last_pfn = 0x707f0 max_arch_pfn = 0x1000000
[    0.000000] MTRR: Disabled
[    0.000000] x86/PAT: MTRRs disabled, skipping PAT initialization too.
[    0.000000] CPU MTRRs all blank - virtualized system.
[    0.000000] x86/PAT: Configuration [0-7]: WB  WT  UC- UC  WB  WT  UC- UC  
[    0.000000] found SMP MP-table at [mem 0x0009fff0-0x0009ffff] mapped at [c009fff0]
[    0.000000] Scanning 1 areas for low memory corruption
[    0.000000] RAMDISK: [mem 0x363aa000-0x371ccfff]
[    0.000000] ACPI: Early table checksum verification disabled
[    0.000000] ACPI: RSDP 0x00000000000E0000 000024 (v02 VBOX  )
[    0.000000] ACPI: XSDT 0x00000000707F0030 00003C (v01 VBOX   VBOXXSDT 00000001 ASL  00000061)
[    0.000000] ACPI: FACP 0x00000000707F00F0 0000F4 (v04 VBOX   VBOXFACP 00000001 ASL  00000061)
[    0.000000] ACPI: DSDT 0x00000000707F0470 002325 (v02 VBOX   VBOXBIOS 00000002 INTL 20100528)
[    0.000000] ACPI: FACS 0x00000000707F0200 000040
[    0.000000] ACPI: FACS 0x00000000707F0200 000040
[    0.000000] ACPI: APIC 0x00000000707F0240 00005C (v02 VBOX   VBOXAPIC 00000001 ASL  00000061)
[    0.000000] ACPI: SSDT 0x00000000707F02A0 0001CC (v01 VBOX   VBOXCPUT 00000002 INTL 20100528)
[    0.000000] 907MB HIGHMEM available.
[    0.000000] 891MB LOWMEM available.
[    0.000000]   mapped low ram: 0 - 37bfe000
[    0.000000]   low ram: 0 - 37bfe000
[    0.000000] kvm-clock: Using msrs 4b564d01 and 4b564d00
[    0.000000] kvm-clock: cpu 0, msr 0:37bfd001, primary cpu clock
[    0.000000] kvm-clock: using sched offset of 4624303548 cycles
[    0.000000] clocksource: kvm-clock: mask: 0xffffffffffffffff max_cycles: 0x1cd42e4dffb, max_idle_ns: 881590591483 ns
[    0.000000] Zone ranges:
[    0.000000]   DMA      [mem 0x0000000000001000-0x0000000000ffffff]
[    0.000000]   Normal   [mem 0x0000000001000000-0x0000000037bfdfff]
[    0.000000]   HighMem  [mem 0x0000000037bfe000-0x00000000707effff]
[    0.000000] Movable zone start for each node
[    0.000000] Early memory node ranges
[    0.000000]   node   0: [mem 0x0000000000001000-0x000000000009efff]
[    0.000000]   node   0: [mem 0x0000000000100000-0x00000000707effff]
[    0.000000] Initmem setup node 0 [mem 0x0000000000001000-0x00000000707effff]
[    0.000000] Using APIC driver default
[    0.000000] ACPI: PM-Timer IO Port: 0x4008
[    0.000000] IOAPIC[0]: apic_id 2, version 32, address 0xfec00000, GSI 0-23
[    0.000000] ACPI: INT_SRC_OVR (bus 0 bus_irq 0 global_irq 2 dfl dfl)
[    0.000000] ACPI: INT_SRC_OVR (bus 0 bus_irq 9 global_irq 9 low level)
[    0.000000] Using ACPI (MADT) for SMP configuration information
[    0.000000] smpboot: Allowing 2 CPUs, 0 hotplug CPUs
[    0.000000] PM: Registered nosave memory: [mem 0x00000000-0x00000fff]
[    0.000000] PM: Registered nosave memory: [mem 0x0009f000-0x0009ffff]
[    0.000000] PM: Registered nosave memory: [mem 0x000a0000-0x000effff]
[    0.000000] PM: Registered nosave memory: [mem 0x000f0000-0x000fffff]
[    0.000000] e820: [mem 0x70800000-0xfebfffff] available for PCI devices
[    0.000000] Booting paravirtualized kernel on KVM
[    0.000000] clocksource: refined-jiffies: mask: 0xffffffff max_cycles: 0xffffffff, max_idle_ns: 7645519600211568 ns
[    0.000000] setup_percpu: NR_CPUS:8 nr_cpumask_bits:8 nr_cpu_ids:2 nr_node_ids:1
[    0.000000] PERCPU: Embedded 18 pages/cpu @f5986000 s43276 r0 d30452 u73728
[    0.000000] Built 1 zonelists in Zone order, mobility grouping on.  Total pages: 458456
[    0.000000] Kernel command line: BOOT_IMAGE=/boot/vmlinuz-4.4.0-178-generic root=LABEL=cloudimg-rootfs ro console=tty1 console=ttyS0
[    0.000000] PID hash table entries: 4096 (order: 2, 16384 bytes)
[    0.000000] Dentry cache hash table entries: 131072 (order: 7, 524288 bytes)
[    0.000000] Inode-cache hash table entries: 65536 (order: 6, 262144 bytes)
[    0.000000] Initializing CPU#0
[    0.000000] Initializing HighMem for node 0 (00037bfe:000707f0)
[    0.000000] Initializing Movable for node 0 (00000000:00000000)
[    0.000000] Memory: 1792616K/1842744K available (8138K kernel code, 794K rwdata, 3208K rodata, 936K init, 788K bss, 50128K reserved, 0K cma-reserved, 929736K highmem)
[    0.000000] virtual kernel memory layout:
[    0.000000]     fixmap  : 0xfff15000 - 0xfffff000   ( 936 kB)
[    0.000000]     pkmap   : 0xffc00000 - 0xffe00000   (2048 kB)
[    0.000000]     vmalloc : 0xf83fe000 - 0xffbfe000   ( 120 MB)
[    0.000000]     lowmem  : 0xc0000000 - 0xf7bfe000   ( 891 MB)
[    0.000000]       .init : 0xc1bdf000 - 0xc1cc9000   ( 936 kB)
[    0.000000]       .data : 0xc17f2e78 - 0xc1bdd980   (4010 kB)
[    0.000000]       .text : 0xc1000000 - 0xc17f2e78   (8139 kB)
[    0.000000] Checking if this processor honours the WP bit even in supervisor mode...Ok.
[    0.000000] SLUB: HWalign=64, Order=0-3, MinObjects=0, CPUs=2, Nodes=1
[    0.000000] Hierarchical RCU implementation.
[    0.000000] 	Build-time adjustment of leaf fanout to 32.
[    0.000000] 	RCU restricting CPUs from NR_CPUS=8 to nr_cpu_ids=2.
[    0.000000] RCU: Adjusting geometry for rcu_fanout_leaf=32, nr_cpu_ids=2
[    0.000000] NR_IRQS:2304 nr_irqs:440 16
[    0.000000] Console: colour VGA+ 80x25
[    0.000000] console [tty1] enabled
[    0.000000] console [ttyS0] enabled
[    0.000000] allocated 2097152 bytes of page_ext
[    0.000000] tsc: Detected 2808.000 MHz processor
[    0.257470] Calibrating delay loop (skipped) preset value.. 5616.00 BogoMIPS (lpj=11232000)
[    0.259516] pid_max: default: 32768 minimum: 301
[    0.260602] ACPI: Core revision 20150930
[    0.263129] ACPI: 2 ACPI AML tables successfully acquired and loaded
[    0.264824] Security Framework initialized
[    0.265800] Yama: becoming mindful.
[    0.266658] AppArmor: AppArmor initialized
[    0.267642] Mount-cache hash table entries: 2048 (order: 1, 8192 bytes)
[    0.268970] Mountpoint-cache hash table entries: 2048 (order: 1, 8192 bytes)
[    0.270635] Initializing cgroup subsys io
[    0.271610] Initializing cgroup subsys memory
[    0.272679] Initializing cgroup subsys devices
[    0.273748] Initializing cgroup subsys freezer
[    0.274788] Initializing cgroup subsys net_cls
[    0.275844] Initializing cgroup subsys perf_event
[    0.276992] Initializing cgroup subsys net_prio
[    0.278080] Initializing cgroup subsys hugetlb
[    0.279170] Initializing cgroup subsys pids
[    0.282776] mce: CPU supports 0 MCE banks
[    0.283842] Last level iTLB entries: 4KB 64, 2MB 8, 4MB 8
[    0.285059] Last level dTLB entries: 4KB 64, 2MB 0, 4MB 0, 1GB 4
[    0.286428] Spectre V1 : Mitigation: usercopy/swapgs barriers and __user pointer sanitization
[    0.288366] Spectre V2 : Mitigation: Full generic retpoline
[    0.289694] Spectre V2 : Spectre v2 / SpectreRSB mitigation: Filling RSB on context switch
[    0.291556] Speculative Store Bypass: Vulnerable
[    0.292705] MDS: Mitigation: Clear CPU buffers
[    0.297573] Freeing SMP alternatives memory: 36K
[    0.304803] ftrace: allocating 31593 entries in 62 pages
[    0.370673] smpboot: APIC(0) Converting physical 0 to logical package 0
[    0.372255] smpboot: Max logical packages: 1
[    0.373457] Enabling APIC mode:  Flat.  Using 1 I/O APICs
[    0.376248] ..TIMER: vector=0x30 apic1=0 pin1=2 apic2=-1 pin2=-1
[    0.485777] smpboot: CPU0: Intel(R) Core(TM) i7-7700HQ CPU @ 2.80GHz (family: 0x6, model: 0x9e, stepping: 0x9)
[    0.488517] Performance Events: unsupported p6 CPU model 158 no PMU driver, software events only.
[    0.500212] KVM setup paravirtual spinlock
[    0.501964] x86: Booting SMP configuration:
[    0.503042] .... node  #0, CPUs:      #1
[1266874885.085248] Initializing CPU#1
[    0.504641] kvm-clock: cpu 1, msr 0:37bfd041, secondary cpu clock
[    0.508063] mce: CPU supports 0 MCE banks
[    0.510706] x86: Booted up 1 node, 2 CPUs
[    0.511960] smpboot: Total of 2 processors activated (11232.00 BogoMIPS)
[    0.513973] devtmpfs: initialized
[    0.515049] evm: security.selinux
[    0.515992] evm: security.SMACK64
[    0.517069] evm: security.SMACK64EXEC
[    0.518020] evm: security.SMACK64TRANSMUTE
[    0.519089] evm: security.SMACK64MMAP
[    0.520134] evm: security.ima
[    0.521033] evm: security.capability
[    0.522246] clocksource: jiffies: mask: 0xffffffff max_cycles: 0xffffffff, max_idle_ns: 7645041785100000 ns
[    0.524642] futex hash table entries: 512 (order: 3, 32768 bytes)
[    0.526253] pinctrl core: initialized pinctrl subsystem
[    0.527666] RTC time: 20:39:45, date: 05/11/20
[    0.528889] NET: Registered protocol family 16
[    0.530213] EISA bus registered
[    0.543138] cpuidle: using governor ladder
[    0.555811] cpuidle: using governor menu
[    0.557022] PCCT header not found.
[    0.558103] ACPI: bus type PCI registered
[    0.559123] acpiphp: ACPI Hot Plug PCI Controller Driver version: 0.5
[    0.560841] PCI : PCI BIOS area is rw and x. Use pci=nobios if you want it NX.
[    0.562846] PCI: PCI BIOS revision 2.10 entry at 0xfda26, last bus=0
[    0.564341] PCI: Using configuration type 1 for base access
[    0.580810] ACPI: Added _OSI(Module Device)
[    0.581935] ACPI: Added _OSI(Processor Device)
[    0.583012] ACPI: Added _OSI(3.0 _SCP Extensions)
[    0.584145] ACPI: Added _OSI(Processor Aggregator Device)
[    0.586040] ACPI: Executed 1 blocks of module-level executable AML code
[    0.589571] ACPI: Interpreter enabled
[    0.590493] ACPI: (supports S0 S5)
[    0.591397] ACPI: Using IOAPIC for interrupt routing
[    0.592813] PCI: Using host bridge windows from ACPI; if necessary, use "pci=nocrs" and report a bug
[    0.614201] ACPI: PCI Root Bridge [PCI0] (domain 0000 [bus 00-ff])
[    0.615566] acpi PNP0A03:00: _OSC: OS supports [ASPM ClockPM Segments MSI]
[    0.617381] acpi PNP0A03:00: _OSC: not requesting OS control; OS requires [ExtendedConfig ASPM ClockPM MSI]
[    0.619679] acpi PNP0A03:00: fail to add MMCONFIG information, can't access extended PCI configuration space under this bridge.
[    0.622525] PCI host bridge to bus 0000:00
[    0.623543] pci_bus 0000:00: root bus resource [io  0x0000-0x0cf7 window]
[    0.625086] pci_bus 0000:00: root bus resource [io  0x0d00-0xffff window]
[    0.626478] pci_bus 0000:00: root bus resource [mem 0x000a0000-0x000bffff window]
[    0.628382] pci_bus 0000:00: root bus resource [mem 0x70800000-0xfdffffff window]
[    0.630311] pci_bus 0000:00: root bus resource [bus 00-ff]
[    0.633452] pci 0000:00:01.1: legacy IDE quirk: reg 0x10: [io  0x01f0-0x01f7]
[    0.635008] pci 0000:00:01.1: legacy IDE quirk: reg 0x14: [io  0x03f6]
[    0.636476] pci 0000:00:01.1: legacy IDE quirk: reg 0x18: [io  0x0170-0x0177]
[    0.638041] pci 0000:00:01.1: legacy IDE quirk: reg 0x1c: [io  0x0376]
[    0.657452] pci 0000:00:07.0: quirk: [io  0x4000-0x403f] claimed by PIIX4 ACPI
[    0.659302] pci 0000:00:07.0: quirk: [io  0x4100-0x410f] claimed by PIIX4 SMB
[    0.667303] ACPI: PCI Interrupt Link [LNKA] (IRQs 5 9 10 *11)
[    0.669483] ACPI: PCI Interrupt Link [LNKB] (IRQs 5 9 *10 11)
[    0.671530] ACPI: PCI Interrupt Link [LNKC] (IRQs 5 *9 10 11)
[    0.674084] ACPI: PCI Interrupt Link [LNKD] (IRQs 5 9 10 *11)
[    0.676194] ACPI: Enabled 2 GPEs in block 00 to 07
[    0.677882] vgaarb: setting as boot device: PCI:0000:00:02.0
[    0.679225] vgaarb: device added: PCI:0000:00:02.0,decodes=io+mem,owns=io+mem,locks=none
[    0.681248] vgaarb: loaded
[    0.682112] vgaarb: bridge control possible 0000:00:02.0
[    0.683602] SCSI subsystem initialized
[    0.684714] ACPI: bus type USB registered
[    0.685806] usbcore: registered new interface driver usbfs
[    0.687051] usbcore: registered new interface driver hub
[    0.688347] usbcore: registered new device driver usb
[    0.689963] PCI: Using ACPI for IRQ routing
[    0.691597] NetLabel: Initializing
[    0.692698] NetLabel:  domain hash size = 128
[    0.693749] NetLabel:  protocols = UNLABELED CIPSOv4
[    0.694927] NetLabel:  unlabeled traffic allowed by default
[    0.696533] amd_nb: Cannot enumerate AMD northbridges
[    0.697798] clocksource: Switched to clocksource kvm-clock
[    0.707670] AppArmor: AppArmor Filesystem Enabled
[    0.708827] pnp: PnP ACPI init
[    0.710459] pnp: PnP ACPI: found 3 devices
[    0.711590] PnPBIOS: Disabled by ACPI PNP
[    0.755108] clocksource: acpi_pm: mask: 0xffffff max_cycles: 0xffffff, max_idle_ns: 2085701024 ns
[    0.757201] NET: Registered protocol family 2
[    0.758402] TCP established hash table entries: 8192 (order: 3, 32768 bytes)
[    0.759996] TCP bind hash table entries: 8192 (order: 4, 65536 bytes)
[    0.761388] TCP: Hash tables configured (established 8192 bind 8192)
[    0.762807] UDP hash table entries: 512 (order: 2, 16384 bytes)
[    0.764155] UDP-Lite hash table entries: 512 (order: 2, 16384 bytes)
[    0.765562] NET: Registered protocol family 1
[    0.766632] pci 0000:00:00.0: Limiting direct PCI/PCI transfers
[    0.767931] pci 0000:00:01.0: Activating ISA DMA hang workarounds
[    0.769503] Unpacking initramfs...
[    0.995473] Freeing initrd memory: 14476K
[    0.996704] clocksource: tsc: mask: 0xffffffffffffffff max_cycles: 0x2879c5f06f2, max_idle_ns: 440795220049 ns
[    0.999354] platform rtc_cmos: registered platform RTC device (no PNP device found)
[    1.001365] Scanning for low memory corruption every 60 seconds
[    1.003235] audit: initializing netlink subsys (disabled)
[    1.004479] audit: type=2000 audit(1589229591.420:1): initialized
[    1.006011] Initialise system trusted keyring
[    1.007341] HugeTLB registered 2 MB page size, pre-allocated 0 pages
[    1.010074] zbud: loaded
[    1.011082] VFS: Disk quotas dquot_6.6.0
[    1.012153] VFS: Dquot-cache hash table entries: 1024 (order 0, 4096 bytes)
[    1.013889] squashfs: version 4.0 (2009/01/31) Phillip Lougher
[    1.015659] fuse init (API version 7.23)
[    1.016859] Key type big_key registered
[    1.017854] Allocating IMA MOK and blacklist keyrings.
[    1.021550] Key type asymmetric registered
[    1.022527] Asymmetric key parser 'x509' registered
[    1.023632] bounce: pool size: 64 pages
[    1.024587] Block layer SCSI generic (bsg) driver version 0.4 loaded (major 249)
[    1.026500] io scheduler noop registered
[    1.027526] io scheduler deadline registered (default)
[    1.028618] io scheduler cfq registered
[    1.029672] pci_hotplug: PCI Hot Plug PCI Core version: 0.5
[    1.030966] pciehp: PCI Express Hot Plug Controller Driver version: 0.4
[    1.032387] ACPI: AC Adapter [AC] (on-line)
[    1.033424] input: Power Button as /devices/LNXSYSTM:00/LNXPWRBN:00/input/input0
[    1.035271] ACPI: Power Button [PWRF]
[    1.036201] input: Sleep Button as /devices/LNXSYSTM:00/LNXSLPBN:00/input/input1
[    1.037963] ACPI: Sleep Button [SLPF]
[    1.039086] GHES: HEST is not enabled!
[    1.039775] ACPI: Battery Slot [BAT0] (battery present)
[    1.041241] isapnp: Scanning for PnP cards...
[    1.045987] Serial: 8250/16550 driver, 32 ports, IRQ sharing enabled
[    1.068093] 00:02: ttyS0 at I/O 0x3f8 (irq = 4, base_baud = 115200) is a 16550A
[    1.070947] Linux agpgart interface v0.103
[    1.073084] loop: module loaded
[    1.074486] scsi host0: ata_piix
[    1.075380] scsi host1: ata_piix
[    1.076288] ata1: PATA max UDMA/33 cmd 0x1f0 ctl 0x3f6 bmdma 0xd000 irq 14
[    1.078037] ata2: PATA max UDMA/33 cmd 0x170 ctl 0x376 bmdma 0xd008 irq 15
[    1.079926] libphy: Fixed MDIO Bus: probed
[    1.080942] tun: Universal TUN/TAP device driver, 1.6
[    1.082195] tun: (C) 1999-2004 Max Krasnyansky <maxk@qualcomm.com>
[    1.083702] PPP generic driver version 2.4.2
[    1.084839] ehci_hcd: USB 2.0 'Enhanced' Host Controller (EHCI) Driver
[    1.086387] ehci-pci: EHCI PCI platform driver
[    1.087495] ehci-platform: EHCI generic platform driver
[    1.088717] ohci_hcd: USB 1.1 'Open' Host Controller (OHCI) Driver
[    1.090067] ohci-pci: OHCI PCI platform driver
[    1.091152] ohci-platform: OHCI generic platform driver
[    1.092790] uhci_hcd: USB Universal Host Controller Interface driver
[    1.094259] i8042: PNP: PS/2 Controller [PNP0303:PS2K,PNP0f03:PS2M] at 0x60,0x64 irq 1,12
[    1.097085] serio: i8042 KBD port at 0x60,0x64 irq 1
[    1.098325] serio: i8042 AUX port at 0x60,0x64 irq 12
[    1.099692] mousedev: PS/2 mouse device common for all mice
[    1.101547] rtc_cmos rtc_cmos: rtc core: registered rtc_cmos as rtc0
[    1.103136] input: AT Translated Set 2 keyboard as /devices/platform/i8042/serio0/input/input2
[    1.105294] rtc_cmos rtc_cmos: alarms up to one day, 114 bytes nvram
[    1.106742] i2c /dev entries driver
[    1.107709] device-mapper: uevent: version 1.0.3
[    1.108876] device-mapper: ioctl: 4.34.0-ioctl (2015-10-28) initialised: dm-devel@redhat.com
[    1.111128] platform eisa.0: Probing EISA bus 0
[    1.112259] platform eisa.0: EISA: Cannot allocate resource for mainboard
[    1.113773] platform eisa.0: Cannot allocate resource for EISA slot 1
[    1.115302] platform eisa.0: Cannot allocate resource for EISA slot 2
[    1.116893] platform eisa.0: Cannot allocate resource for EISA slot 3
[    1.118334] platform eisa.0: Cannot allocate resource for EISA slot 4
[    1.119886] platform eisa.0: Cannot allocate resource for EISA slot 5
[    1.121279] platform eisa.0: Cannot allocate resource for EISA slot 6
[    1.123048] platform eisa.0: Cannot allocate resource for EISA slot 7
[    1.125188] platform eisa.0: Cannot allocate resource for EISA slot 8
[    1.127027] platform eisa.0: EISA: Detected 0 cards
[    1.128138] cpufreq-nforce2: No nForce2 chipset.
[    1.129244] ledtrig-cpu: registered to indicate activity on CPUs
[    1.131097] NET: Registered protocol family 10
[    1.132697] NET: Registered protocol family 17
[    1.134055] Key type dns_resolver registered
[    1.135617] Using IPI No-Shortcut mode
[    1.137308] registered taskstats version 1
[    1.138658] Loading compiled-in X.509 certificates
[    1.141548] Loaded X.509 cert 'Build time autogenerated kernel key: 2408853f29aee0d3e75b9912d8c9c8b4d2c2e206'
[    1.144591] zswap: loaded using pool lzo/zbud
[    1.147131] Key type trusted registered
[    1.151009] Key type encrypted registered
[    1.152598] AppArmor: AppArmor sha1 policy hashing enabled
[    1.154558] ima: No TPM chip found, activating TPM-bypass!
[    1.156637] ima: Allocated hash algorithm: sha1
[    1.158118] evm: HMAC attrs: 0x1
[    1.159258]   Magic number: 4:76:700
[    1.160247] rtc_cmos rtc_cmos: setting system clock to 2020-05-11 20:39:45 UTC (1589229585)
[    1.162365] BIOS EDD facility v0.16 2004-Jun-25, 0 devices found
[    1.163914] EDD information not available.
[    1.401502] isapnp: No Plug & Play device found
[    1.403025] Freeing unused kernel memory: 936K
[    2.286340] Write protecting the kernel text: 8140k
[    2.287585] Write protecting the kernel read-only data: 3216k
[    2.288859] NX-protecting the kernel data: 6196k
Loading, please wait...
starting version 229
[    2.306812] random: systemd-udevd: uninitialized urandom read (16 bytes read, 0 bits of entropy available)
[    2.307277] random: udevadm: uninitialized urandom read (16 bytes read, 0 bits of entropy available)
[    2.313528] random: systemd-udevd: uninitialized urandom read (16 bytes read, 0 bits of entropy available)
[    2.316469] random: systemd-udevd: uninitialized urandom read (16 bytes read, 0 bits of entropy available)
[    2.322461] random: udevadm: uninitialized urandom read (16 bytes read, 0 bits of entropy available)
[    2.323526] random: systemd-udevd: uninitialized urandom read (16 bytes read, 0 bits of entropy available)
[    2.340248] random: udevadm: uninitialized urandom read (16 bytes read, 0 bits of entropy available)
[    2.342657] random: udevadm: uninitialized urandom read (16 bytes read, 0 bits of entropy available)
[    2.344950] random: udevadm: uninitialized urandom read (16 bytes read, 0 bits of entropy available)
[    2.347264] random: udevadm: uninitialized urandom read (16 bytes read, 0 bits of entropy available)
[    2.373554] e1000: Intel(R) PRO/1000 Network Driver - version 7.3.21-k8-NAPI
[    2.375363] e1000: Copyright (c) 1999-2006 Intel Corporation.
[    2.380711] Fusion MPT base driver 3.04.20
[    2.381790] Copyright (c) 1999-2008 LSI Corporation
[    2.392942] Fusion MPT SPI Host driver 3.04.20
[    2.625868] input: ImExPS/2 Generic Explorer Mouse as /devices/platform/i8042/serio1/input/input4
[    2.767881] e1000 0000:00:03.0 eth0: (PCI:33MHz:32-bit) 02:1c:ee:aa:30:b9
[    2.769255] e1000 0000:00:03.0 eth0: Intel(R) PRO/1000 Network Connection
[    2.771350] mptbase: ioc0: Initiating bringup
[    2.771626] e1000 0000:00:03.0 enp0s3: renamed from eth0
[    3.324805] ioc0: LSI53C1030 A0: Capabilities={Initiator}
[    6.219363] scsi host2: ioc0: LSI53C1030 A0, FwRev=00000000h, Ports=1, MaxQ=256, IRQ=20
[    7.958049] scsi 2:0:0:0: Direct-Access     VBOX     HARDDISK         1.0  PQ: 0 ANSI: 5
[    7.959992] scsi target2:0:0: Beginning Domain Validation
[    7.963751] scsi target2:0:0: Domain Validation skipping write tests
[    7.965160] scsi target2:0:0: Ending Domain Validation
[    7.966563] scsi target2:0:0: asynchronous
[    7.968739] scsi 2:0:1:0: Direct-Access     VBOX     HARDDISK         1.0  PQ: 0 ANSI: 5
[    7.971132] scsi target2:0:1: Beginning Domain Validation
[    7.974919] scsi target2:0:1: Domain Validation skipping write tests
[    7.976318] scsi target2:0:1: Ending Domain Validation
[    7.977617] scsi target2:0:1: asynchronous
[    7.986598] sd 2:0:0:0: Attached scsi generic sg0 type 0
[    7.988116] sd 2:0:0:0: [sda] 20971520 512-byte logical blocks: (10.7 GB/10.0 GiB)
[    7.988531] sd 2:0:1:0: [sdb] 20480 512-byte logical blocks: (10.5 MB/10.0 MiB)
[    7.988835] sd 2:0:1:0: [sdb] Write Protect is off
[    7.989044] sd 2:0:1:0: [sdb] Incomplete mode parameter data
[    7.989045] sd 2:0:1:0: [sdb] Assuming drive cache: write through
[    7.992108] sd 2:0:1:0: Attached scsi generic sg1 type 0
[    7.997521] sd 2:0:0:0: [sda] Write Protect is off
[    7.999021] sd 2:0:0:0: [sda] Incomplete mode parameter data
[    8.000250] sd 2:0:0:0: [sda] Assuming drive cache: write through
[    8.097731]  sda: sda1
[    8.104921] sd 2:0:0:0: [sda] Attached SCSI disk
[    8.110691] sd 2:0:1:0: [sdb] Attached SCSI disk
Begin: Loading essential drivers ... [    9.699255] md: linear personality registered for level -1
[    9.704627] md: multipath personality registered for level -4
[    9.709946] md: raid0 personality registered for level 0
[    9.717477] md: raid1 personality registered for level 1
[    9.793894] raid6: mmxx1    gen()  6579 MB/s
[    9.862184] raid6: mmxx2    gen()  6694 MB/s
[    9.930114] raid6: sse1x1   gen()  4513 MB/s
[    9.997895] raid6: sse1x2   gen()  6906 MB/s
[   10.066692] raid6: sse2x1   gen() 10799 MB/s
[   10.134040] raid6: sse2x1   xor()  7990 MB/s
[   10.201855] raid6: sse2x2   gen() 12708 MB/s
[   10.270686] raid6: sse2x2   xor()  9932 MB/s
[   10.338036] raid6: avx2x1   gen() 23407 MB/s
[   10.405894] raid6: avx2x2   gen() 26647 MB/s
[   10.407053] raid6: using algorithm avx2x2 gen() 26647 MB/s
[   10.408488] raid6: using avx2x1 recovery algorithm
[   10.412440] xor: automatically using best checksumming function:
[   10.450279]    avx       : 24046.000 MB/sec
[   10.454042] async_tx: api initialized (async)
[   10.475444] md: raid6 personality registered for level 6
[   10.476755] md: raid5 personality registered for level 5
[   10.477899] md: raid4 personality registered for level 4
[   10.488781] md: raid10 personality registered for level 10
done.
Begin: Running /scripts/init-premount ... done.
Begin: Mounting root file system ... Begin: Running /scripts/local-top ... done.
Begin: Running /scripts/local-premount ... [   10.536999] Btrfs loaded
Scanning for Btrfs filesystems
done.
Warning: fsck not present, so skipping root file system
[   10.718524] EXT4-fs (sda1): mounted filesystem with ordered data mode. Opts: (null)
done.
Begin: Running /scripts/local-bottom ... done.
Begin: Running /scripts/init-bottom ... done.
[   11.160391] systemd[1]: systemd 229 running in system mode. (+PAM +AUDIT +SELINUX +IMA +APPARMOR +SMACK +SYSVINIT +UTMP +LIBCRYPTSETUP +GCRYPT +GNUTLS +ACL +XZ -LZ4 +SECCOMP +BLKID +ELFUTILS +KMOD -IDN)
[   11.165456] systemd[1]: Detected virtualization oracle.
[   11.167020] systemd[1]: Detected architecture x86.

Welcome to [1mUbuntu 16.04.6 LTS[0m!

[   11.232614] systemd[1]: Set hostname to <ubuntu>.
[   11.248270] systemd[1]: Initializing machine ID from random generator.
[   11.249706] systemd[1]: Installed transient /etc/machine-id file.
[   11.483482] random: nonblocking pool is initialized
[   11.747021] systemd[1]: Created slice User and Session Slice.
[[0;32m  OK  [0m] Created slice User and Session Slice.
[   11.749130] systemd[1]: Listening on udev Control Socket.
[[0;32m  OK  [0m] Listening on udev Control Socket.
[   11.751493] systemd[1]: Started Trigger resolvconf update for networkd DNS.
[[0;32m  OK  [0m] Started Trigger resolvconf update for networkd DNS.
[   11.756065] systemd[1]: Created slice System Slice.
[[0;32m  OK  [0m] Created slice System Slice.
[   11.758889] systemd[1]: Created slice system-serial\x2dgetty.slice.
[[0;32m  OK  [0m] Created slice system-serial\x2dgetty.slice.
[   11.761657] systemd[1]: Listening on Journal Socket (/dev/log).
[[0;32m  OK  [0m] Listening on Journal Socket (/dev/log).
[   11.764112] systemd[1]: Listening on Device-mapper event daemon FIFOs.
[[0;32m  OK  [0m] Listening on Device-mapper event daemon FIFOs.
[   11.766602] systemd[1]: Listening on Journal Socket.
[[0;32m  OK  [0m] Listening on Journal Socket.
[   11.778797] systemd[1]: Mounting Huge Pages File System...
         Mounting Huge Pages File System...
[   11.783308] systemd[1]: Starting Nameserver information manager...
         Starting Nameserver information manager...
[   11.786482] systemd[1]: Starting Create list of required static device nodes for the current kernel...
         Starting Create list of required st... nodes for the current kernel...
[   11.790769] systemd[1]: Starting Uncomplicated firewall...
         Starting Uncomplicated firewall...
[   11.795846] systemd[1]: Mounting POSIX Message Queue File System...
         Mounting POSIX Message Queue File System...
[   11.798219] systemd[1]: Listening on /dev/initctl Compatibility Named Pipe.
[[0;32m  OK  [0m] Listening on /dev/initctl Compatibility Named Pipe.
[   11.806549] systemd[1]: Reached target Encrypted Volumes.
[[0;32m  OK  [0m] Reached target Encrypted Volumes.
[   11.811033] systemd[1]: Listening on LVM2 poll daemon socket.
[[0;32m  OK  [0m] Listening on LVM2 poll daemon socket.
[   11.813727] systemd[1]: Listening on Syslog Socket.
[[0;32m  OK  [0m] Listening on Syslog Socket.
[   11.815928] systemd[1]: Reached target User and Group Name Lookups.
[[0;32m  OK  [0m] Reached target User and Group Name Lookups.
[   11.818396] systemd[1]: Listening on Journal Audit Socket.
[[0;32m  OK  [0m] Listening on Journal Audit Socket.
[   11.834575] systemd[1]: Starting Journal Service...
         Starting Journal Service...
[   11.842316] systemd[1]: Listening on udev Kernel Socket.
[[0;32m  OK  [0m] Listening on udev Kernel Socket.
[   11.845374] systemd[1]: Reached target Slices.
[[0;32m  OK  [0m] Reached target Slices.
[   11.847341] systemd[1]: Set up automount Arbitrary Executable File Formats File System Automount Point.
[[0;32m  OK  [0m] Set up automount Arbitrary Executab...ats File System Automount Point.
[   11.863027] systemd[1]: Starting Load Kernel Modules...
         Starting Load Kernel Modules...
[   11.866298] systemd[1]: Reached target Swap.
[[0;32m  OK  [0m] Reached target Swap.
[   11.874394] systemd[1]: Reached target System Time Synchronized.
[[0;32m  OK  [0m] Reached target System Time Synchronized.
[   11.878157] systemd[1]: Mounting Debug File System...
         Mounting Debug File System...
[   11.891174] systemd[1]: Starting Set console keymap...
[   11.893108] Loading iSCSI transport class v2.0-870.
         Starting Set console keymap...
[   11.899395] systemd[1]: Starting Remount Root and Kernel File Systems...
         Starting Remount Root and Kernel File Systems...
[   11.906923] EXT4-fs (sda1): re-mounted. Opts: (null)
[   11.910247] systemd[1]: Started Forward Password Requests to Wall Directory Watch.
[[0;32m  OK  [0m] Started Forward Password Requests to Wall Directory Watch.
[   11.912996] systemd[1]: Listening on LVM2 metadata daemon socket.
[[0;32m  OK  [0m] Listening on LVM2 metadata daemon socket.
[   11.917320] systemd[1]: Starting Monitoring of LVM2 mirrors, snapshots etc. using dmeventd or progress polling...
         Starting Monitoring of LVM2 mirrors... dmeventd or progress polling...
[   11.922486] systemd[1]: Mounted POSIX Message Queue File System.
[[0;32m  OK  [0m] Mounted POSIX Message Queue File System.
[   11.925361] systemd[1]: Mounted Debug File System.
[[0;32m  OK  [0m] Mounted Debug File System.
[   11.930687] systemd[1]: Mounted Huge Pages File System.
[[0;32m  OK  [0m] Mounted Huge Pages File System.
[   11.933458] systemd[1]: Started Journal Service.
[[0;32m  OK  [0m] Started Journal Service.
[   11.936100] iscsi: registered transport (tcp)
[[0;32m  OK  [0m] Started Create list of required sta...ce nodes for the current kernel.
[[0;32m  OK  [0m] Started Uncomplicated firewall.
[[0;32m  OK  [0m] Started Remount Root and Kernel File Systems.
         Starting Load/Save Random Seed...
         Starting udev Coldplug all Devices...
         Starting Create Static Device Nodes in /dev...
         Starting Flush Journal to Persistent Storage...
[[0;32m  OK  [0m] Started Nameserver information manager.
[[0;32m  OK  [0m] Started Load/Save Random Seed.
[[0;32m  OK  [0m] Started Set console keymap.
[[0;32m  OK  [0m] Started udev Coldplug all Devices.
[   12.107007] systemd-journald[390]: Received request to flush runtime journal from PID 1
[[0;32m  OK  [0m] Started Flush Journal to Persistent Storage.
[   12.144459] iscsi: registered transport (iser)
[[0;32m  OK  [0m] Started LVM2 metadata daemon.
[[0;32m  OK  [0m] Started Load Kernel Modules.
         Mounting FUSE Control File System...
         Starting Apply Kernel Variables...
[[0;32m  OK  [0m] Mounted FUSE Control File System.
[[0;32m  OK  [0m] Started Create Static Device Nodes in /dev.
         Starting udev Kernel Device Manager...
[[0;32m  OK  [0m] Started Apply Kernel Variables.
[[0;32m  OK  [0m] Started udev Kernel Device Manager.
[[0;32m  OK  [0m] Started Dispatch Password Requests to Console Directory Watch.
[[0;32m  OK  [0m] Started Monitoring of LVM2 mirrors,...ng dmeventd or progress polling.
[[0;32m  OK  [0m] Reached target Local File Systems (Pre).
[[0;32m  OK  [0m] Reached target Local File Systems.
         Starting Commit a transient machine-id on disk...
         Starting Set console font and keymap...
         Starting Create Volatile Files and Directories...
         Starting LSB: AppArmor initialization...
         Starting Tell Plymouth To Write Out Runtime Data...
         Starting Initial cloud-init job (pre-networking)...
[[0;32m  OK  [0m] Started Create Volatile Files and Directories.
         Starting Update UTMP about System Boot/Shutdown...
[[0;32m  OK  [0m] Started Commit a transient machine-id on disk.
[[0;32m  OK  [0m] Found device /dev/ttyS0.
[[0;32m  OK  [0m] Started Tell Plymouth To Write Out Runtime Data.
[[0;32m  OK  [0m] Listening on Load/Save RF Kill Switch Status /dev/rfkill Watch.
[[0;32m  OK  [0m] Started Update UTMP about System Boot/Shutdown.
[[0;32m  OK  [0m] Started Set console font and keymap.
[[0;32m  OK  [0m] Created slice system-getty.slice.
[[0;32m  OK  [0m] Started LSB: AppArmor initialization.
[   15.265118] cloud-init[501]: Cloud-init v. 19.4-33-gbb4131a2-0ubuntu1~16.04.1 running 'init-local' at Mon, 11 May 2020 20:39:59 +0000. Up 14.68 seconds.
[[0;32m  OK  [0m] Started Initial cloud-init job (pre-networking).
[[0;32m  OK  [0m] Reached target Network (Pre).
         Starting Raise network interfaces...
[[0;32m  OK  [0m] Started Raise network interfaces.
[[0;32m  OK  [0m] Reached target Network.
         Starting Initial cloud-init job (metadata service crawler)...
[   18.230367] cloud-init[951]: Cloud-init v. 19.4-33-gbb4131a2-0ubuntu1~16.04.1 running 'init' at Mon, 11 May 2020 20:40:00 +0000. Up 16.34 seconds.
[   18.232500] cloud-init[951]: ci-info: ++++++++++++++++++++++++++++++++++++++Net device info++++++++++++++++++++++++++++++++++++++
[   18.234384] cloud-init[951]: ci-info: +--------+------+----------------------------+---------------+--------+-------------------+
[   18.236853] cloud-init[951]: ci-info: | Device |  Up  |          Address           |      Mask     | Scope  |     Hw-Address    |
[   18.239231] cloud-init[951]: ci-info: +--------+------+----------------------------+---------------+--------+-------------------+
[   18.240939] cloud-init[951]: ci-info: | enp0s3 | True |         10.0.2.15          | 255.255.255.0 | global | 02:1c:ee:aa:30:b9 |
[   18.242842] cloud-init[951]: ci-info: | enp0s3 | True | fe80::1c:eeff:feaa:30b9/64 |       .       |  link  | 02:1c:ee:aa:30:b9 |
[   18.244799] cloud-init[951]: ci-info: |   lo   | True |         127.0.0.1          |   255.0.0.0   |  host  |         .         |
[   18.252903] cloud-init[951]: ci-info: |   lo   | True |          ::1/128           |       .       |  host  |         .         |
[   18.254565] cloud-init[951]: ci-info: +--------+------+----------------------------+---------------+--------+-------------------+
[   18.256194] cloud-init[951]: ci-info: +++++++++++++++++++++++++++Route IPv4 info++++++++++++++++++++++++++++
[   18.264936] cloud-init[951]: ci-info: +-------+-------------+----------+---------------+-----------+-------+
[   18.272388] cloud-init[951]: ci-info: | Route | Destination | Gateway  |    Genmask    | Interface | Flags |
[   18.280498] cloud-init[951]: ci-info: +-------+-------------+----------+---------------+-----------+-------+
[   18.288650] cloud-init[951]: ci-info: |   0   |   0.0.0.0   | 10.0.2.2 |    0.0.0.0    |   enp0s3  |   UG  |
[   18.290386] cloud-init[951]: ci-info: |   1   |   10.0.2.0  | 0.0.0.0  | 255.255.255.0 |   enp0s3  |   U   |
[   18.296772] cloud-init[951]: ci-info: +-------+-------------+----------+---------------+-----------+-------+
[   18.305100] cloud-init[951]: ci-info: +++++++++++++++++++Route IPv6 info+++++++++++++++++++
[   18.305335] cloud-init[951]: ci-info: +-------+-------------+---------+-----------+-------+
[   18.305718] cloud-init[951]: ci-info: | Route | Destination | Gateway | Interface | Flags |
[   18.305965] cloud-init[951]: ci-info: +-------+-------------+---------+-----------+-------+
[   18.306276] cloud-init[951]: ci-info: |   0   |  fe80::/64  |    ::   |   enp0s3  |   U   |
[   18.306504] cloud-init[951]: ci-info: |   3   |   ff00::/8  |    ::   |   enp0s3  |   U   |
[   18.306996] cloud-init[951]: ci-info: +-------+-------------+---------+-----------+-------+
[   18.307272] cloud-init[951]: Generating public/private rsa key pair.
[   18.307566] cloud-init[951]: Your identification has been saved in /etc/ssh/ssh_host_rsa_key.
[   18.308010] cloud-init[951]: Your public key has been saved in /etc/ssh/ssh_host_rsa_key.pub.
[   18.308366] cloud-init[951]: The key fingerprint is:
[   18.308634] cloud-init[951]: SHA256:S4awAMi1iIoHPuo7VvO1aoiBFijHamLNTuaxG07hf2E root@ubuntu-xenial
[   18.308781] cloud-init[951]: The key's randomart image is:
[   18.308979] cloud-init[951]: +---[RSA 2048]----+
[[0;32m  OK  [0m] Started Initial cloud-init job (metadata service crawler).
[   18.309148] cloud-init[951]: |+ ..             |
[   18.320548] cloud-init[951]: |oo. .            |
[   18.320780] cloud-init[951]: |+o...            |
[   18.321098] cloud-init[951]: |*oo. o .         |
[   18.321395] cloud-init[951]: |===.. . S        |
[   18.321685] cloud-init[951]: |=*oO.  E .       |
[   18.321810] cloud-init[951]: |* O+* o +        |
[   18.322264] cloud-init[951]: |.+o=oo o         |
[   18.322643] cloud-init[951]: |.oooooo          |
[   18.323001] cloud-init[951]: +----[SHA256]-----+
[   18.323129] cloud-init[951]: Generating public/private dsa key pair.
[   18.323558] cloud-init[951]: Your identification has been saved in /etc/ssh/ssh_host_dsa_key.
[   18.323951] cloud-init[951]: Your public key has been saved in /etc/ssh/ssh_host_dsa_key.pub.
[   18.324290] cloud-init[951]: The key fingerprint is:
[   18.324682] cloud-init[951]: SHA256:6gMwz5J8T7MlPdeDhvXBoVZLdUwM/OhUMxFHOpL9VaY root@ubuntu-xenial
[   18.325049] cloud-init[951]: The key's randomart image is:
[   18.325417] cloud-init[951]: +---[DSA 1024]----+
[   18.325770] cloud-init[951]: |             ooOX|
[   18.326179] cloud-init[951]: |            +o.B*|
[   18.326579] cloud-init[951]: |           =ooE++|
[   18.326969] cloud-init[951]: |  o       + +.ooo|
[   18.327373] cloud-init[951]: | . *   .S+ + +  .|
[   18.327561] cloud-init[951]: |  + = +.= + + .  |
[   18.327919] cloud-init[951]: |   o +.= +   .   |
[   18.328362] cloud-init[951]: |     .+          |
[   18.328776] cloud-init[951]: |      ..         |
[   18.329200] cloud-init[951]: +----[SHA256]-----+
[   18.329588] cloud-init[951]: Generating public/private ecdsa key pair.
[   18.330002] cloud-init[951]: Your identification has been saved in /etc/ssh/ssh_host_ecdsa_key.
[   18.330467] cloud-init[951]: Your public key has been saved in /etc/ssh/ssh_host_ecdsa_key.pub.
[   18.330894] cloud-init[951]: The key fingerprint is:
[   18.331378] cloud-init[951]: SHA256:xuIdlMHEInoZEQyg0U/KoXQkgZIPNI/G/U4/BTBp+xo root@ubuntu-xenial
[   18.331798] cloud-init[951]: The key's randomart image is:
[   18.332502] cloud-init[951]: +---[ECDSA 256]---+
[   18.332899] cloud-init[951]: |=O++o=.+o        |
[   18.333406] cloud-init[951]: |BoO.=o+ oo       |
[   18.333802] cloud-init[951]: |+O.O.+.oo        |
[   18.334308] cloud-init[951]: |o = =. o.        |
[   18.334704] cloud-init[951]: |   . oo S.       |
[   18.335186] cloud-init[951]: |    oE.=..       |
[   18.335583] cloud-init[951]: |     .+o.        |
[   18.335824] cloud-init[951]: |     .  .        |
[   18.336369] cloud-init[951]: |                 |
[   18.336653] cloud-init[951]: +----[SHA256]-----+
[   18.337077] cloud-init[951]: Generating public/private ed25519 key pair.
[   18.337481] cloud-init[951]: Your identification has been saved in /etc/ssh/ssh_host_ed25519_key.
[   18.337895] cloud-init[951]: Your public key has been saved in /etc/ssh/ssh_host_ed25519_key.pub.
[   18.338286] cloud-init[951]: The key fingerprint is:
[   18.338679] cloud-init[951]: SHA256:9Sy4SEtBSluF8zIvckKEbZC487hl7Guz6DJ0hf6B4zA root@ubuntu-xenial
[   18.339131] cloud-init[951]: The key's randomart image is:
[   18.339537] cloud-init[951]: +--[ED25519 256]--+
[   18.339990] cloud-init[951]: | ..=. oo.        |
[   18.340412] cloud-init[951]: |. o.+=o          |
[   18.340860] cloud-init[951]: | . o+ .o  .      |
[   18.341269] cloud-init[951]: |o  ...o..o o     |
[   18.341685] cloud-init[951]: | =..o o+S . o    |
[   18.342135] cloud-init[951]: |.E==o+oo.. .     |
[   18.342525] cloud-init[951]: |.== o++..        |
[   18.342986] cloud-init[951]: |+.+. .           |
[   18.343561] cloud-init[951]: |++o+             |
[   18.344053] cloud-init[951]: +----[SHA256]-----+
[[0;32m  OK  [0m] Reached target System Initialization.
[[0;32m  OK  [0m] Started ACPI Events Check.
[[0;32m  OK  [0m] Reached target Paths.
[[0;32m  OK  [0m] Started Daily Cleanup of Temporary Directories.
[[0;32m  OK  [0m] Started Message of the Day.
         Starting Socket activation for snappy daemon.
[[0;32m  OK  [0m] Listening on UUID daemon activation socket.
[[0;32m  OK  [0m] Listening on D-Bus System Message Bus Socket.
         Starting LXD - unix socket.
[[0;32m  OK  [0m] Listening on ACPID Listen Socket.
[[0;32m  OK  [0m] Started Daily apt download activities.
[[0;32m  OK  [0m] Started Daily apt upgrade and clean activities.
[[0;32m  OK  [0m] Reached target Timers.
[[0;32m  OK  [0m] Reached target Cloud-config availability.
[[0;32m  OK  [0m] Reached target Network is Online.
         Starting iSCSI initiator daemon (iscsid)...
[[0;32m  OK  [0m] Listening on Socket activation for snappy daemon.
[[0;32m  OK  [0m] Listening on LXD - unix socket.
[[0;32m  OK  [0m] Reached target Sockets.
[[0;32m  OK  [0m] Reached target Basic System.
         Starting Pollinate to seed the pseudo random number generator...
         Starting Login Service...
[[0;32m  OK  [0m] Started Deferred execution scheduler.
[[0;32m  OK  [0m] Started FUSE filesystem for LXC.
         Starting LSB: MD monitoring daemon...
[[0;32m  OK  [0m] Started D-Bus System Message Bus.
         Starting Accounts Service...
         Starting LSB: Record successful boot for GRUB...
[[0;32m  OK  [0m] Started Regular background program processing daemon.
         Starting System Logging Service...
         Starting LXD - container startup/shutdown...
[[0;32m  OK  [0m] Started ACPI event daemon.
         Starting Virtualbox guest utils...
         Starting /etc/rc.local Compatibility...
         Starting Snappy daemon...
[[0;32m  OK  [0m] Started /etc/rc.local Compatibility.
[[0;32m  OK  [0m] Started Login Service.
[[0;32m  OK  [0m] Started Unattended Upgrades Shutdown.
[[0;32m  OK  [0m] Started iSCSI initiator daemon (iscsid).
         Starting Login to default iSCSI targets...
[[0;32m  OK  [0m] Started LSB: MD monitoring daemon.
[[0;32m  OK  [0m] Started LSB: Record successful boot for GRUB.
[[0;32m  OK  [0m] Started System Logging Service.
[[0;32m  OK  [0m] Started Login to default iSCSI targets.
[[0;32m  OK  [0m] Reached target Remote File Systems (Pre).
[[0;32m  OK  [0m] Reached target Remote File Systems.
         Starting Permit User Sessions...
         Starting LSB: daemon to balance interrupts for SMP systems...
         Starting LSB: automatic crash report generation...
         Starting LSB: Set the CPU Frequency Scaling governor to "ondemand"...
[[0;32m  OK  [0m] Started LSB: Set the CPU Frequency Scaling governor to "ondemand".
[[0;32m  OK  [0m] Started Permit User Sessions.
[[0;32m  OK  [0m] Started LSB: daemon to balance interrupts for SMP systems.
         Starting Authenticate and Authorize Users to Run Privileged Tasks...
         Starting Hold until boot process finishes up...
         Starting Terminate Plymouth Boot Screen...
[[0;32m  OK  [0m] Started Hold until boot process finishes up.
         Starting Set console scheme...
[[0;32m  OK  [0m] Started Getty on tty1.
[[0;32m  OK  [0m] Started Serial Getty on ttyS0.
[[0;32m  OK  [0m] Reached target Login Prompts.
[[0;32m  OK  [0m] Started Terminate Plymouth Boot Screen.
[[0;32m  OK  [0m] Started LSB: automatic crash report generation.
[[0;32m  OK  [0m] Started Set console scheme.
[[0;32m  OK  [0m] Started Authenticate and Authorize Users to Run Privileged Tasks.
[[0;32m  OK  [0m] Started Virtualbox guest utils.
[[0;32m  OK  [0m] Started Accounts Service.
[[0;32m  OK  [0m] Started LXD - container startup/shutdown.
[[0;32m  OK  [0m] Started Snappy daemon.
         Starting Wait until snapd is fully seeded...
[[0;32m  OK  [0m] Started Pollinate to seed the pseudo random number generator.
         Starting OpenBSD Secure Shell server...
[[0;32m  OK  [0m] Started OpenBSD Secure Shell server.
[[0;32m  OK  [0m] Created slice User Slice of vagrant.
         Starting User Manager for UID 1000...
[[0;32m  OK  [0m] Started Session 1 of user vagrant.
[[0;32m  OK  [0m] Started User Manager for UID 1000.
[[0;32m  OK  [0m] Started Wait until snapd is fully seeded.
         Starting Apply the settings specified in cloud-config...
[[0;32m  OK  [0m] Reached target Multi-User System.
[[0;32m  OK  [0m] Reached target Graphical Interface.
         Starting Update UTMP about System Runlevel Changes...
[[0;32m  OK  [0m] Started Update UTMP about System Runlevel Changes.
[   24.951312] cloud-init[1372]: Generating locales (this might take a while)...

Ubuntu 16.04.6 LTS ubuntu-xenial ttyS0

ubuntu-xenial login: [   26.238531] cloud-init[1372]:   en_US.UTF-8... done
[   26.239602] cloud-init[1372]: Generation complete.
[   27.509150] cloud-init[1372]: Cloud-init v. 19.4-33-gbb4131a2-0ubuntu1~16.04.1 running 'modules:config' at Mon, 11 May 2020 20:40:09 +0000. Up 24.65 seconds.
ci-info: no authorized SSH keys fingerprints found for user ubuntu.
<14>May 11 20:40:12 ec2: 
<14>May 11 20:40:12 ec2: #############################################################
<14>May 11 20:40:12 ec2: -----BEGIN SSH HOST KEY FINGERPRINTS-----
<14>May 11 20:40:12 ec2: 1024 SHA256:6gMwz5J8T7MlPdeDhvXBoVZLdUwM/OhUMxFHOpL9VaY root@ubuntu-xenial (DSA)
<14>May 11 20:40:12 ec2: 256 SHA256:xuIdlMHEInoZEQyg0U/KoXQkgZIPNI/G/U4/BTBp+xo root@ubuntu-xenial (ECDSA)
<14>May 11 20:40:12 ec2: 256 SHA256:9Sy4SEtBSluF8zIvckKEbZC487hl7Guz6DJ0hf6B4zA root@ubuntu-xenial (ED25519)
<14>May 11 20:40:12 ec2: 2048 SHA256:S4awAMi1iIoHPuo7VvO1aoiBFijHamLNTuaxG07hf2E root@ubuntu-xenial (RSA)
<14>May 11 20:40:12 ec2: -----END SSH HOST KEY FINGERPRINTS-----
<14>May 11 20:40:12 ec2: #############################################################
-----BEGIN SSH HOST KEY KEYS-----
ecdsa-sha2-nistp256 AAAAE2VjZHNhLXNoYTItbmlzdHAyNTYAAAAIbmlzdHAyNTYAAABBBJ8ddU+ENj/Kfi7POWDGtYYAS/f57Ywl87LOv2Dg8cU6Jewj10ZbDHtMOB5EUfpZLaQRByeE2VyrFCVGFMTMp4o= root@ubuntu-xenial
ssh-ed25519 AAAAC3NzaC1lZDI1NTE5AAAAIJlSx18m/3yGL3uy/RzxxiKnv3q2leHzjyuiBSb2rMQT root@ubuntu-xenial
ssh-rsa AAAAB3NzaC1yc2EAAAADAQABAAABAQC4PPUVMJWuBjr/6CtMHNcgwKccSzX0reTaeQ+ibWbYDZhyOWqx1+Y2XxHAhvygt+3o3nKZ7pbg/hG5dYYZnZFEiNT4F8nIiO4h1MT19t/FZkKugB+V5gQ0WE9VtWjuJQwCXo1wXkTKe/d4ebcXW+ROKHLW8GMdkU9qfRHS6Zlz+29gCbzaYFUk1OheE9wraPbWwpXxJ8qVfHDEOlJULoWvE0imoHQdXenmk6C/oc0vqX37FmrWyYRAxuXm60wCODQFcfC87zo8WpY4sNlq42qY/U7m0TVwzvEqMd0E88bOXT3Sz4de/CBNJBuOvWLaHPk0bg+glbxc/YbUOv/LpVAT root@ubuntu-xenial
-----END SSH HOST KEY KEYS-----
[   28.337231] cloud-init[1567]: Cloud-init v. 19.4-33-gbb4131a2-0ubuntu1~16.04.1 running 'modules:final' at Mon, 11 May 2020 20:40:12 +0000. Up 28.09 seconds.
[   28.338815] cloud-init[1567]: ci-info: no authorized SSH keys fingerprints found for user ubuntu.
[   28.339759] cloud-init[1567]: Cloud-init v. 19.4-33-gbb4131a2-0ubuntu1~16.04.1 finished at Mon, 11 May 2020 20:40:12 +0000. Datasource DataSourceNoCloud [seed=/dev/sdb][dsmode=net].  Up 28.32 seconds
